0 info it worked if it ends with ok
1 verbose cli [ 'node', '/usr/local/bin/npm', 'run', 'start' ]
2 info using npm@2.11.2
3 info using node@v0.12.6
4 verbose run-script [ 'prestart', 'start', 'poststart' ]
5 info prestart random-everything-react-js@1.0.0
6 info start random-everything-react-js@1.0.0
7 verbose unsafe-perm in lifecycle true
8 info random-everything-react-js@1.0.0 Failed to exec start script
9 verbose stack Error: random-everything-react-js@1.0.0 start: `webpack-dev-server`
9 verbose stack Exit status 1
9 verbose stack     at EventEmitter.<anonymous> (/usr/local/lib/node_modules/npm/lib/utils/lifecycle.js:213:16)
9 verbose stack     at EventEmitter.emit (events.js:110:17)
9 verbose stack     at ChildProcess.<anonymous> (/usr/local/lib/node_modules/npm/lib/utils/spawn.js:24:14)
9 verbose stack     at ChildProcess.emit (events.js:110:17)
9 verbose stack     at maybeClose (child_process.js:1015:16)
9 verbose stack     at Process.ChildProcess._handle.onexit (child_process.js:1087:5)
10 verbose pkgid random-everything-react-js@1.0.0
11 verbose cwd /Users/Hon-Lam/Dropbox/CodeCore March 2015/Random Animations React
12 error Darwin 15.3.0
13 error argv "node" "/usr/local/bin/npm" "run" "start"
14 error node v0.12.6
15 error npm  v2.11.2
16 error code ELIFECYCLE
17 error random-everything-react-js@1.0.0 start: `webpack-dev-server`
17 error Exit status 1
18 error Failed at the random-everything-react-js@1.0.0 start script 'webpack-dev-server'.
18 error This is most likely a problem with the random-everything-react-js package,
18 error not with npm itself.
18 error Tell the author that this fails on your system:
18 error     webpack-dev-server
18 error You can get their info via:
18 error     npm owner ls random-everything-react-js
18 error There is likely additional logging output above.
19 verbose exit [ 1, true ]
